<?xml version="1.0" encoding="UTF-8"?>
<!-- Generated by org.testng.reporters.JUnitReportReporter -->
<testsuite hostname="RS" name="com.LoginPage" tests="4" failures="0" timestamp="17 May 2019 19:01:45 GMT" time="13.488" errors="0">
  <testcase name="enter_password" time="2.518" classname="com.LoginPage"/>
  <testcase name="enter_username" time="0.113" classname="com.LoginPage"/>
  <testcase name="open_Application_and_Enter_url" time="10.820" classname="com.LoginPage"/>
  <testcase name="login" time="0.037" classname="com.LoginPage"/>
</testsuite> <!-- com.LoginPage -->
